<?xml version="1.0" encoding="UTF-8"?>
<testng-results skipped="0" failed="0" ignored="0" total="1" passed="1">
  <reporter-output>
  </reporter-output>
  <suite name="Default suite" duration-ms="78973" started-at="2021-04-21T08:08:20Z" finished-at="2021-04-21T08:09:39Z">
    <groups>
    </groups>
    <test name="Default test" duration-ms="78973" started-at="2021-04-21T08:08:20Z" finished-at="2021-04-21T08:09:39Z">
      <class name="com.OrangeHRM.DownloadPDF">
        <test-method status="PASS" signature="setUp()[pri:0, instance:com.OrangeHRM.DownloadPDF@21213b92]" name="setUp" is-config="true" duration-ms="4182" started-at="2021-04-21T08:08:20Z" finished-at="2021-04-21T08:08:24Z">
          <reporter-output>
          </reporter-output>
        </test-method> <!-- setUp -->
        <test-method status="PASS" signature="downloadPdf()[pri:0, instance:com.OrangeHRM.DownloadPDF@21213b92]" name="downloadPdf" duration-ms="74761" started-at="2021-04-21T08:08:24Z" finished-at="2021-04-21T08:09:39Z">
          <reporter-output>
          </reporter-output>
        </test-method> <!-- downloadPdf -->
        <test-method status="PASS" signature="tearDown()[pri:0, instance:com.OrangeHRM.DownloadPDF@21213b92]" name="tearDown" is-config="true" duration-ms="0" started-at="2021-04-21T08:09:39Z" finished-at="2021-04-21T08:09:39Z">
          <reporter-output>
          </reporter-output>
        </test-method> <!-- tearDown -->
      </class> <!-- com.OrangeHRM.DownloadPDF -->
    </test> <!-- Default test -->
  </suite> <!-- Default suite -->
</testng-results>
