<?xml version="1.0" encoding="UTF-8"?>
<!-- Generated by org.testng.reporters.JUnitXMLReporter -->
<testsuite hostname="LAPTOP-538TR098" ignored="0" name="IETest" tests="1" failures="0" timestamp="14 Apr 2021 06:55:15 GMT" time="0.097" errors="0">
  <testcase name="@BeforeTest LaunchBrowser" time="0.021" classname="com.OrangeHRM.OrangeHRM_CrossBrowser">
    <failure type="java.lang.Exception" message="Browser is not correct">
      <![CDATA[java.lang.Exception: Browser is not correct
at com.OrangeHRM.OrangeHRM_CrossBrowser.LaunchBrowser(OrangeHRM_CrossBrowser.java:41)
at java.util.concurrent.FutureTask.run(Unknown Source)
at java.util.concurrent.ThreadPoolExecutor.runWorker(Unknown Source)
at java.util.concurrent.ThreadPoolExecutor$Worker.run(Unknown Source)
at java.lang.Thread.run(Unknown Source)
... Removed 15 stack frames]]>
    </failure>
  </testcase> <!-- @BeforeTest LaunchBrowser -->
  <testcase name="@AfterTest CloseBrowser" time="0.0" classname="com.OrangeHRM.OrangeHRM_CrossBrowser">
    <skipped/>
  </testcase> <!-- @AfterTest CloseBrowser -->
  <testcase name="OrangeHRM_Login" time="0.0" classname="com.OrangeHRM.OrangeHRM_CrossBrowser">
    <skipped/>
  </testcase> <!-- OrangeHRM_Login -->
</testsuite> <!-- IETest -->
